<?xml version="1.0" encoding="UTF-8"?>
<!-- Generated by org.testng.reporters.JUnitReportReporter -->
<testsuite skipped="0" hostname="An_Phong" name="com.junit.testNews" tests="1" failures="0" timestamp="2019-10-17T20:42:43 ICT" time="0.111" errors="0">
  <testcase name="a_Test1" time="0.111" classname="com.junit.testNews"/>
</testsuite> <!-- com.junit.testNews -->
