<?xml version="1.0" encoding="UTF-8"?>
<!-- Generated by org.testng.reporters.JUnitReportReporter -->
<testsuite skipped="51" hostname="An_Phong" name="com.testSelenuim.testPassenger" tests="53" failures="0" timestamp="2019-10-15T15:15:24 ICT" time="6.866" errors="1">
  <testcase name="clean1" time="6.291" classname="com.testSelenuim.testPassenger">
    <error type="org.openqa.selenium.WebDriverException" message="chrome not reachable
  (Session info: chrome=77.0.3865.120)
Build info: version: &#039;3.141.59&#039;, revision: &#039;e82be7d358&#039;, time: &#039;2018-11-14T08:25:48&#039;
System info: host: &#039;AN_PHONG&#039;, ip: &#039;192.168.1.20&#039;, os.name: &#039;Windows 10&#039;, os.arch: &#039;amd64&#039;, os.version: &#039;10.0&#039;, java.version: &#039;1.8.0_111&#039;
Driver info: org.openqa.selenium.chrome.ChromeDriver
Capabilities {acceptInsecureCerts: false, browserName: chrome, browserVersion: 77.0.3865.120, chrome: {chromedriverVersion: 77.0.3865.40 (f484704e052e0..., userDataDir: C:\Users\Win\AppData\Local\...}, goog:chromeOptions: {debuggerAddress: localhost:59806}, javascriptEnabled: true, networkConnectionEnabled: false, pageLoadStrategy: normal, platform: XP, platformName: XP, proxy: Proxy(), setWindowRect: true, strictFileInteractability: false, timeouts: {implicit: 0, pageLoad: 300000, script: 30000}, unhandledPromptBehavior: dismiss and notify}
Session ID: 876294cda5cf04b2a97dae5b26261383
*** Element info: {Using=xpath, value=/html/body/div/div[2]/div/form/table/tbody/tr[2]/td[2]/input}">
      <![CDATA[org.openqa.selenium.WebDriverException: chrome not reachable
  (Session info: chrome=77.0.3865.120)
Build info: version: '3.141.59', revision: 'e82be7d358', time: '2018-11-14T08:25:48'
System info: host: 'AN_PHONG', ip: '192.168.1.20', os.name: 'Windows 10', os.arch: 'amd64', os.version: '10.0', java.version: '1.8.0_111'
Driver info: org.openqa.selenium.chrome.ChromeDriver
Capabilities {acceptInsecureCerts: false, browserName: chrome, browserVersion: 77.0.3865.120, chrome: {chromedriverVersion: 77.0.3865.40 (f484704e052e0..., userDataDir: C:\Users\Win\AppData\Local\...}, goog:chromeOptions: {debuggerAddress: localhost:59806}, javascriptEnabled: true, networkConnectionEnabled: false, pageLoadStrategy: normal, platform: XP, platformName: XP, proxy: Proxy(), setWindowRect: true, strictFileInteractability: false, timeouts: {implicit: 0, pageLoad: 300000, script: 30000}, unhandledPromptBehavior: dismiss and notify}
Session ID: 876294cda5cf04b2a97dae5b26261383
*** Element info: {Using=xpath, value=/html/body/div/div[2]/div/form/table/tbody/tr[2]/td[2]/input}
at sun.reflect.NativeConstructorAccessorImpl.newInstance0(Native Method)
at sun.reflect.NativeConstructorAccessorImpl.newInstance(Unknown Source)
at sun.reflect.DelegatingConstructorAccessorImpl.newInstance(Unknown Source)
at java.lang.reflect.Constructor.newInstance(Unknown Source)
at org.openqa.selenium.remote.http.W3CHttpResponseCodec.createException(W3CHttpResponseCodec.java:187)
at org.openqa.selenium.remote.http.W3CHttpResponseCodec.decode(W3CHttpResponseCodec.java:122)
at org.openqa.selenium.remote.http.W3CHttpResponseCodec.decode(W3CHttpResponseCodec.java:49)
at org.openqa.selenium.remote.HttpCommandExecutor.execute(HttpCommandExecutor.java:158)
at org.openqa.selenium.remote.service.DriverCommandExecutor.execute(DriverCommandExecutor.java:83)
at org.openqa.selenium.remote.RemoteWebDriver.execute(RemoteWebDriver.java:552)
at org.openqa.selenium.remote.RemoteWebDriver.findElement(RemoteWebDriver.java:323)
at org.openqa.selenium.remote.RemoteWebDriver.findElementByXPath(RemoteWebDriver.java:428)
at org.openqa.selenium.By$ByXPath.findElement(By.java:353)
at org.openqa.selenium.remote.RemoteWebDriver.findElement(RemoteWebDriver.java:315)
at com.testSelenuim.testPassenger.clean1(testPassenger.java:1041)
at sun.reflect.NativeMethodAccessorImpl.invoke0(Native Method)
at sun.reflect.NativeMethodAccessorImpl.invoke(Unknown Source)
at sun.reflect.DelegatingMethodAccessorImpl.invoke(Unknown Source)
at java.lang.reflect.Method.invoke(Unknown Source)
at org.testng.internal.MethodInvocationHelper.invokeMethod(MethodInvocationHelper.java:133)
at org.testng.internal.MethodInvocationHelper.invokeMethodConsideringTimeout(MethodInvocationHelper.java:62)
at org.testng.internal.ConfigInvoker.invokeConfigurationMethod(ConfigInvoker.java:340)
at org.testng.internal.ConfigInvoker.invokeConfigurations(ConfigInvoker.java:294)
at org.testng.internal.TestInvoker.runConfigMethods(TestInvoker.java:683)
at org.testng.internal.TestInvoker.invokeMethod(TestInvoker.java:510)
at org.testng.internal.TestInvoker.invokeTestMethod(TestInvoker.java:172)
at org.testng.internal.MethodRunner.runInSequence(MethodRunner.java:46)
at org.testng.internal.TestInvoker$MethodInvocationAgent.invoke(TestInvoker.java:804)
at org.testng.internal.TestInvoker.invokeTestMethods(TestInvoker.java:145)
at org.testng.internal.TestMethodWorker.invokeTestMethods(TestMethodWorker.java:146)
at org.testng.internal.TestMethodWorker.run(TestMethodWorker.java:128)
at java.util.ArrayList.forEach(Unknown Source)
at org.testng.TestRunner.privateRun(TestRunner.java:770)
at org.testng.TestRunner.run(TestRunner.java:591)
at org.testng.SuiteRunner.runTest(SuiteRunner.java:402)
at org.testng.SuiteRunner.runSequentially(SuiteRunner.java:396)
at org.testng.SuiteRunner.privateRun(SuiteRunner.java:355)
at org.testng.SuiteRunner.run(SuiteRunner.java:304)
at org.testng.SuiteRunnerWorker.runSuite(SuiteRunnerWorker.java:53)
at org.testng.SuiteRunnerWorker.run(SuiteRunnerWorker.java:96)
at org.testng.TestNG.runSuitesSequentially(TestNG.java:1180)
at org.testng.TestNG.runSuitesLocally(TestNG.java:1102)
at org.testng.TestNG.runSuites(TestNG.java:1032)
at org.testng.TestNG.run(TestNG.java:1000)
at org.testng.remote.AbstractRemoteTestNG.run(AbstractRemoteTestNG.java:115)
at org.testng.remote.RemoteTestNG.initAndRun(RemoteTestNG.java:251)
at org.testng.remote.RemoteTestNG.main(RemoteTestNG.java:77)
]]>
    </error>
  </testcase> <!-- clean1 -->
  <testcase name="aa" time="0.574" classname="com.testSelenuim.testPassenger"/>
  <testcase name="ab" time="0.000" classname="com.testSelenuim.testPassenger">
    <skipped/>
  </testcase> <!-- ab -->
  <testcase name="ac" time="0.000" classname="com.testSelenuim.testPassenger">
    <skipped/>
  </testcase> <!-- ac -->
  <testcase name="ad" time="0.000" classname="com.testSelenuim.testPassenger">
    <skipped/>
  </testcase> <!-- ad -->
  <testcase name="ae" time="0.000" classname="com.testSelenuim.testPassenger">
    <skipped/>
  </testcase> <!-- ae -->
  <testcase name="af" time="0.000" classname="com.testSelenuim.testPassenger">
    <skipped/>
  </testcase> <!-- af -->
  <testcase name="ag" time="0.000" classname="com.testSelenuim.testPassenger">
    <skipped/>
  </testcase> <!-- ag -->
  <testcase name="ah" time="0.000" classname="com.testSelenuim.testPassenger">
    <skipped/>
  </testcase> <!-- ah -->
  <testcase name="ai" time="0.000" classname="com.testSelenuim.testPassenger">
    <skipped/>
  </testcase> <!-- ai -->
  <testcase name="aj" time="0.000" classname="com.testSelenuim.testPassenger">
    <skipped/>
  </testcase> <!-- aj -->
  <testcase name="ak" time="0.000" classname="com.testSelenuim.testPassenger">
    <skipped/>
  </testcase> <!-- ak -->
  <testcase name="al" time="0.000" classname="com.testSelenuim.testPassenger">
    <skipped/>
  </testcase> <!-- al -->
  <testcase name="am" time="0.000" classname="com.testSelenuim.testPassenger">
    <skipped/>
  </testcase> <!-- am -->
  <testcase name="an" time="0.001" classname="com.testSelenuim.testPassenger">
    <skipped/>
  </testcase> <!-- an -->
  <testcase name="ao" time="0.000" classname="com.testSelenuim.testPassenger">
    <skipped/>
  </testcase> <!-- ao -->
  <testcase name="ap" time="0.000" classname="com.testSelenuim.testPassenger">
    <skipped/>
  </testcase> <!-- ap -->
  <testcase name="aq" time="0.000" classname="com.testSelenuim.testPassenger">
    <skipped/>
  </testcase> <!-- aq -->
  <testcase name="ar" time="0.000" classname="com.testSelenuim.testPassenger">
    <skipped/>
  </testcase> <!-- ar -->
  <testcase name="as" time="0.000" classname="com.testSelenuim.testPassenger">
    <skipped/>
  </testcase> <!-- as -->
  <testcase name="at" time="0.000" classname="com.testSelenuim.testPassenger">
    <skipped/>
  </testcase> <!-- at -->
  <testcase name="av" time="0.000" classname="com.testSelenuim.testPassenger">
    <skipped/>
  </testcase> <!-- av -->
  <testcase name="au" time="0.000" classname="com.testSelenuim.testPassenger">
    <skipped/>
  </testcase> <!-- au -->
  <testcase name="ax" time="0.000" classname="com.testSelenuim.testPassenger">
    <skipped/>
  </testcase> <!-- ax -->
  <testcase name="ba" time="0.000" classname="com.testSelenuim.testPassenger">
    <skipped/>
  </testcase> <!-- ba -->
  <testcase name="bb" time="0.000" classname="com.testSelenuim.testPassenger">
    <skipped/>
  </testcase> <!-- bb -->
  <testcase name="bc" time="0.000" classname="com.testSelenuim.testPassenger">
    <skipped/>
  </testcase> <!-- bc -->
  <testcase name="bd" time="0.000" classname="com.testSelenuim.testPassenger">
    <skipped/>
  </testcase> <!-- bd -->
  <testcase name="testCase28" time="0.000" classname="com.testSelenuim.testPassenger">
    <skipped/>
  </testcase> <!-- testCase28 -->
  <testcase name="testCase29" time="0.000" classname="com.testSelenuim.testPassenger">
    <skipped/>
  </testcase> <!-- testCase29 -->
  <testcase name="testCase30" time="0.000" classname="com.testSelenuim.testPassenger">
    <skipped/>
  </testcase> <!-- testCase30 -->
  <testcase name="testCase31" time="0.000" classname="com.testSelenuim.testPassenger">
    <skipped/>
  </testcase> <!-- testCase31 -->
  <testcase name="testCase32" time="0.000" classname="com.testSelenuim.testPassenger">
    <skipped/>
  </testcase> <!-- testCase32 -->
  <testcase name="testCase33" time="0.000" classname="com.testSelenuim.testPassenger">
    <skipped/>
  </testcase> <!-- testCase33 -->
  <testcase name="testCase34" time="0.000" classname="com.testSelenuim.testPassenger">
    <skipped/>
  </testcase> <!-- testCase34 -->
  <testcase name="testCase35" time="0.000" classname="com.testSelenuim.testPassenger">
    <skipped/>
  </testcase> <!-- testCase35 -->
  <testcase name="testCase36" time="0.000" classname="com.testSelenuim.testPassenger">
    <skipped/>
  </testcase> <!-- testCase36 -->
  <testcase name="testCase37" time="0.000" classname="com.testSelenuim.testPassenger">
    <skipped/>
  </testcase> <!-- testCase37 -->
  <testcase name="testCase38" time="0.000" classname="com.testSelenuim.testPassenger">
    <skipped/>
  </testcase> <!-- testCase38 -->
  <testcase name="testCase39" time="0.000" classname="com.testSelenuim.testPassenger">
    <skipped/>
  </testcase> <!-- testCase39 -->
  <testcase name="testCase40" time="0.000" classname="com.testSelenuim.testPassenger">
    <skipped/>
  </testcase> <!-- testCase40 -->
  <testcase name="testCase41" time="0.000" classname="com.testSelenuim.testPassenger">
    <skipped/>
  </testcase> <!-- testCase41 -->
  <testcase name="testCase42" time="0.000" classname="com.testSelenuim.testPassenger">
    <skipped/>
  </testcase> <!-- testCase42 -->
  <testcase name="testCase43" time="0.000" classname="com.testSelenuim.testPassenger">
    <skipped/>
  </testcase> <!-- testCase43 -->
  <testcase name="testCase44" time="0.000" classname="com.testSelenuim.testPassenger">
    <skipped/>
  </testcase> <!-- testCase44 -->
  <testcase name="testCase45" time="0.000" classname="com.testSelenuim.testPassenger">
    <skipped/>
  </testcase> <!-- testCase45 -->
  <testcase name="testCase46" time="0.000" classname="com.testSelenuim.testPassenger">
    <skipped/>
  </testcase> <!-- testCase46 -->
  <testcase name="testCase47" time="0.000" classname="com.testSelenuim.testPassenger">
    <skipped/>
  </testcase> <!-- testCase47 -->
  <testcase name="testCase48" time="0.000" classname="com.testSelenuim.testPassenger">
    <skipped/>
  </testcase> <!-- testCase48 -->
  <testcase name="testCase49" time="0.000" classname="com.testSelenuim.testPassenger">
    <skipped/>
  </testcase> <!-- testCase49 -->
  <testcase name="testCase50" time="0.000" classname="com.testSelenuim.testPassenger">
    <skipped/>
  </testcase> <!-- testCase50 -->
  <testcase name="testCase51" time="0.000" classname="com.testSelenuim.testPassenger">
    <skipped/>
  </testcase> <!-- testCase51 -->
  <testcase name="testCase52" time="0.000" classname="com.testSelenuim.testPassenger">
    <skipped/>
  </testcase> <!-- testCase52 -->
</testsuite> <!-- com.testSelenuim.testPassenger -->
