<?xml version="1.0" encoding="UTF-8"?>
<!-- Generated by org.testng.reporters.JUnitReportReporter -->
<testsuite skipped="0" hostname="An_Phong" name="com.example.testPassenger" tests="52" failures="0" timestamp="2019-10-15T12:07:57 ICT" time="25.447" errors="0">
  <testcase name="aa" time="0.786" classname="com.example.testPassenger"/>
  <testcase name="ab" time="0.453" classname="com.example.testPassenger"/>
  <testcase name="ac" time="0.462" classname="com.example.testPassenger"/>
  <testcase name="ad" time="0.499" classname="com.example.testPassenger"/>
  <testcase name="ae" time="0.477" classname="com.example.testPassenger"/>
  <testcase name="af" time="0.459" classname="com.example.testPassenger"/>
  <testcase name="ag" time="0.493" classname="com.example.testPassenger"/>
  <testcase name="ah" time="0.437" classname="com.example.testPassenger"/>
  <testcase name="ai" time="0.430" classname="com.example.testPassenger"/>
  <testcase name="aj" time="0.423" classname="com.example.testPassenger"/>
  <testcase name="ak" time="0.386" classname="com.example.testPassenger"/>
  <testcase name="al" time="0.406" classname="com.example.testPassenger"/>
  <testcase name="am" time="0.394" classname="com.example.testPassenger"/>
  <testcase name="an" time="0.448" classname="com.example.testPassenger"/>
  <testcase name="ao" time="0.659" classname="com.example.testPassenger"/>
  <testcase name="ap" time="0.660" classname="com.example.testPassenger"/>
  <testcase name="aq" time="0.646" classname="com.example.testPassenger"/>
  <testcase name="ar" time="0.420" classname="com.example.testPassenger"/>
  <testcase name="as" time="0.433" classname="com.example.testPassenger"/>
  <testcase name="at" time="0.372" classname="com.example.testPassenger"/>
  <testcase name="av" time="0.431" classname="com.example.testPassenger"/>
  <testcase name="au" time="0.408" classname="com.example.testPassenger"/>
  <testcase name="ax" time="0.402" classname="com.example.testPassenger"/>
  <testcase name="ba" time="0.488" classname="com.example.testPassenger"/>
  <testcase name="bb" time="0.413" classname="com.example.testPassenger"/>
  <testcase name="bc" time="0.433" classname="com.example.testPassenger"/>
  <testcase name="bd" time="0.412" classname="com.example.testPassenger"/>
  <testcase name="testCase28" time="0.437" classname="com.example.testPassenger"/>
  <testcase name="testCase29" time="0.458" classname="com.example.testPassenger"/>
  <testcase name="testCase30" time="0.411" classname="com.example.testPassenger"/>
  <testcase name="testCase31" time="0.404" classname="com.example.testPassenger"/>
  <testcase name="testCase32" time="0.387" classname="com.example.testPassenger"/>
  <testcase name="testCase33" time="0.427" classname="com.example.testPassenger"/>
  <testcase name="testCase34" time="0.403" classname="com.example.testPassenger"/>
  <testcase name="testCase35" time="0.417" classname="com.example.testPassenger"/>
  <testcase name="testCase36" time="0.557" classname="com.example.testPassenger"/>
  <testcase name="testCase37" time="0.433" classname="com.example.testPassenger"/>
  <testcase name="testCase38" time="0.461" classname="com.example.testPassenger"/>
  <testcase name="testCase39" time="0.423" classname="com.example.testPassenger"/>
  <testcase name="testCase40" time="0.410" classname="com.example.testPassenger"/>
  <testcase name="testCase41" time="0.396" classname="com.example.testPassenger"/>
  <testcase name="testCase42" time="0.414" classname="com.example.testPassenger"/>
  <testcase name="testCase43" time="0.458" classname="com.example.testPassenger"/>
  <testcase name="testCase44" time="0.918" classname="com.example.testPassenger"/>
  <testcase name="testCase45" time="0.943" classname="com.example.testPassenger"/>
  <testcase name="testCase46" time="0.942" classname="com.example.testPassenger"/>
  <testcase name="testCase47" time="0.390" classname="com.example.testPassenger"/>
  <testcase name="testCase48" time="0.424" classname="com.example.testPassenger"/>
  <testcase name="testCase49" time="0.425" classname="com.example.testPassenger"/>
  <testcase name="testCase50" time="0.435" classname="com.example.testPassenger"/>
  <testcase name="testCase51" time="0.404" classname="com.example.testPassenger"/>
  <testcase name="testCase52" time="0.940" classname="com.example.testPassenger"/>
</testsuite> <!-- com.example.testPassenger -->
