<?xml version="1.0" encoding="UTF-8"?>
<!-- Generated by org.testng.reporters.JUnitReportReporter -->
<testsuite skipped="0" hostname="An_Phong" name="com.example.TestNGTestsWithSpringBootIT" tests="3" failures="0" timestamp="2019-10-13T13:39:11 ICT" time="153.387" errors="0">
  <testcase name="saveEmployee" time="153.081" classname="com.example.TestNGTestsWithSpringBootIT"/>
  <testcase name="simpleTest" time="0.010" classname="com.example.TestNGTestsWithSpringBootIT"/>
  <testcase name="contextLoads" time="0.296" classname="com.example.TestNGTestsWithSpringBootIT"/>
</testsuite> <!-- com.example.TestNGTestsWithSpringBootIT -->
