<?xml version="1.0" encoding="UTF-8"?>
<!-- Generated by org.testng.reporters.JUnitReportReporter -->
<testsuite skipped="0" hostname="AnPhong" name="com.junit.testEmployee" tests="30" failures="0" timestamp="2019-11-01T08:48:48 ICT" time="0.727" errors="0">
  <testcase name="saveEmployee" time="0.007" classname="com.junit.testEmployee"/>
  <testcase name="saveEmployee" time="0.008" classname="com.junit.testEmployee"/>
  <testcase name="saveEmployee" time="0.013" classname="com.junit.testEmployee"/>
  <testcase name="saveEmployee" time="0.006" classname="com.junit.testEmployee"/>
  <testcase name="saveEmployee" time="0.026" classname="com.junit.testEmployee"/>
  <testcase name="saveEmployee" time="0.005" classname="com.junit.testEmployee"/>
  <testcase name="saveEmployee" time="0.026" classname="com.junit.testEmployee"/>
  <testcase name="saveEmployee" time="0.014" classname="com.junit.testEmployee"/>
  <testcase name="saveEmployee" time="0.006" classname="com.junit.testEmployee"/>
  <testcase name="saveEmployee" time="0.016" classname="com.junit.testEmployee"/>
  <testcase name="saveEmployee" time="0.015" classname="com.junit.testEmployee"/>
  <testcase name="saveEmployee" time="0.009" classname="com.junit.testEmployee"/>
  <testcase name="saveEmployee" time="0.008" classname="com.junit.testEmployee"/>
  <testcase name="saveEmployee" time="0.007" classname="com.junit.testEmployee"/>
  <testcase name="saveEmployee" time="0.047" classname="com.junit.testEmployee"/>
  <testcase name="saveEmployee" time="0.014" classname="com.junit.testEmployee"/>
  <testcase name="saveEmployee" time="0.007" classname="com.junit.testEmployee"/>
  <testcase name="saveEmployee" time="0.043" classname="com.junit.testEmployee"/>
  <testcase name="saveEmployee" time="0.006" classname="com.junit.testEmployee"/>
  <testcase name="saveEmployee" time="0.009" classname="com.junit.testEmployee"/>
  <testcase name="saveEmployee" time="0.324" classname="com.junit.testEmployee"/>
  <testcase name="saveEmployee" time="0.010" classname="com.junit.testEmployee"/>
  <testcase name="saveEmployee" time="0.005" classname="com.junit.testEmployee"/>
  <testcase name="saveEmployee" time="0.008" classname="com.junit.testEmployee"/>
  <testcase name="saveEmployee" time="0.029" classname="com.junit.testEmployee"/>
  <testcase name="saveEmployee" time="0.010" classname="com.junit.testEmployee"/>
  <testcase name="saveEmployee" time="0.012" classname="com.junit.testEmployee"/>
  <testcase name="saveEmployee" time="0.005" classname="com.junit.testEmployee"/>
  <testcase name="saveEmployee" time="0.014" classname="com.junit.testEmployee"/>
  <testcase name="saveEmployee" time="0.018" classname="com.junit.testEmployee"/>
</testsuite> <!-- com.junit.testEmployee -->
